# JRE version: OpenJDK Runtime Environment (8.0_242-b01) (build 1.8.0_242-release-1644-b01)
# Java VM: OpenJDK 64-Bit Server VM (25.242-b01 mixed mode windows-amd64 compressed oops)
Heap:
 PSYoungGen      total 233472K, used 47321K [0x00000000d5580000, 0x00000000e5780000, 0x0000000100000000)
  eden space 209920K, 11% used [0x00000000d5580000,0x00000000d6cbc170,0x00000000e2280000)
  from space 23552K, 99% used [0x00000000e2980000,0x00000000e407a420,0x00000000e4080000)
  to   space 16384K, 0% used [0x00000000e4780000,0x00000000e4780000,0x00000000e5780000)
 ParOldGen       total 119296K, used 42632K [0x0000000080000000, 0x0000000087480000, 0x00000000d5580000)
  object space 119296K, 35% used [0x0000000080000000,0x00000000829a2098,0x0000000087480000)
 Metaspace       used 70062K, capacity 73725K, committed 73896K, reserved 1114112K
  class space    used 9427K, capacity 10123K, committed 10160K, reserved 1048576K
GC Heap History (10 events):
Event: 7.003 GC heap before
{Heap before GC invocations=12 (full 2):
 PSYoungGen      total 138240K, used 126976K [0x00000000d5580000, 0x00000000e1900000, 0x0000000100000000)
  eden space 126976K, 100% used [0x00000000d5580000,0x00000000dd180000,0x00000000dd180000)
  from space 11264K, 0% used [0x00000000dd180000,0x00000000dd180000,0x00000000ddc80000)
  to   space 13824K, 0% used [0x00000000e0b80000,0x00000000e0b80000,0x00000000e1900000)
 ParOldGen       total 76800K, used 19189K [0x0000000080000000, 0x0000000084b00000, 0x00000000d5580000)
  object space 76800K, 24% used [0x0000000080000000,0x00000000812bd430,0x0000000084b00000)
 Metaspace       used 45317K, capacity 46815K, committed 47016K, reserved 1089536K
  class space    used 6125K, capacity 6463K, committed 6576K, reserved 1048576K
Event: 7.019 GC heap after
Heap after GC invocations=12 (full 2):
 PSYoungGen      total 183808K, used 13793K [0x00000000d5580000, 0x00000000e1b80000, 0x0000000100000000)
  eden space 169984K, 0% used [0x00000000d5580000,0x00000000d5580000,0x00000000dfb80000)
  from space 13824K, 99% used [0x00000000e0b80000,0x00000000e18f8698,0x00000000e1900000)
  to   space 16384K, 0% used [0x00000000dfb80000,0x00000000dfb80000,0x00000000e0b80000)
 ParOldGen       total 76800K, used 21540K [0x0000000080000000, 0x0000000084b00000, 0x00000000d5580000)
  object space 76800K, 28% used [0x0000000080000000,0x0000000081509070,0x0000000084b00000)
 Metaspace       used 45317K, capacity 46815K, committed 47016K, reserved 1089536K
  class space    used 6125K, capacity 6463K, committed 6576K, reserved 1048576K
}
Event: 8.866 GC heap before
{Heap before GC invocations=13 (full 2):
 PSYoungGen      total 183808K, used 183777K [0x00000000d5580000, 0x00000000e1b80000, 0x0000000100000000)
  eden space 169984K, 100% used [0x00000000d5580000,0x00000000dfb80000,0x00000000dfb80000)
  from space 13824K, 99% used [0x00000000e0b80000,0x00000000e18f8698,0x00000000e1900000)
  to   space 16384K, 0% used [0x00000000dfb80000,0x00000000dfb80000,0x00000000e0b80000)
 ParOldGen       total 76800K, used 21540K [0x0000000080000000, 0x0000000084b00000, 0x00000000d5580000)
  object space 76800K, 28% used [0x0000000080000000,0x0000000081509070,0x0000000084b00000)
 Metaspace       used 56942K, capacity 59025K, committed 59160K, reserved 1099776K
  class space    used 7849K, capacity 8298K, committed 8368K, reserved 1048576K
Event: 8.899 GC heap after
Heap after GC invocations=13 (full 2):
 PSYoungGen      total 186368K, used 16380K [0x00000000d5580000, 0x00000000e5d80000, 0x0000000100000000)
  eden space 169984K, 0% used [0x00000000d5580000,0x00000000d5580000,0x00000000dfb80000)
  from space 16384K, 99% used [0x00000000dfb80000,0x00000000e0b7f088,0x00000000e0b80000)
  to   space 22528K, 0% used [0x00000000e4780000,0x00000000e4780000,0x00000000e5d80000)
 ParOldGen       total 76800K, used 32317K [0x0000000080000000, 0x0000000084b00000, 0x00000000d5580000)
  object space 76800K, 42% used [0x0000000080000000,0x0000000081f8f410,0x0000000084b00000)
 Metaspace       used 56942K, capacity 59025K, committed 59160K, reserved 1099776K
  class space    used 7849K, capacity 8298K, committed 8368K, reserved 1048576K
}
Event: 8.899 GC heap before
{Heap before GC invocations=14 (full 3):
 PSYoungGen      total 186368K, used 16380K [0x00000000d5580000, 0x00000000e5d80000, 0x0000000100000000)
  eden space 169984K, 0% used [0x00000000d5580000,0x00000000d5580000,0x00000000dfb80000)
  from space 16384K, 99% used [0x00000000dfb80000,0x00000000e0b7f088,0x00000000e0b80000)
  to   space 22528K, 0% used [0x00000000e4780000,0x00000000e4780000,0x00000000e5d80000)
 ParOldGen       total 76800K, used 32317K [0x0000000080000000, 0x0000000084b00000, 0x00000000d5580000)
  object space 76800K, 42% used [0x0000000080000000,0x0000000081f8f410,0x0000000084b00000)
 Metaspace       used 56942K, capacity 59025K, committed 59160K, reserved 1099776K
  class space    used 7849K, capacity 8298K, committed 8368K, reserved 1048576K
Event: 9.133 GC heap after
Heap after GC invocations=14 (full 3):
 PSYoungGen      total 186368K, used 0K [0x00000000d5580000, 0x00000000e5d80000, 0x0000000100000000)
  eden space 169984K, 0% used [0x00000000d5580000,0x00000000d5580000,0x00000000dfb80000)
  from space 16384K, 0% used [0x00000000dfb80000,0x00000000dfb80000,0x00000000e0b80000)
  to   space 22528K, 0% used [0x00000000e4780000,0x00000000e4780000,0x00000000e5d80000)
 ParOldGen       total 119296K, used 39690K [0x0000000080000000, 0x0000000087480000, 0x00000000d5580000)
  object space 119296K, 33% used [0x0000000080000000,0x00000000826c2890,0x0000000087480000)
 Metaspace       used 56878K, capacity 58803K, committed 59160K, reserved 1099776K
  class space    used 7829K, capacity 8261K, committed 8368K, reserved 1048576K
}
Event: 11.557 GC heap before
{Heap before GC invocations=15 (full 3):
 PSYoungGen      total 186368K, used 169984K [0x00000000d5580000, 0x00000000e5d80000, 0x0000000100000000)
  eden space 169984K, 100% used [0x00000000d5580000,0x00000000dfb80000,0x00000000dfb80000)
  from space 16384K, 0% used [0x00000000dfb80000,0x00000000dfb80000,0x00000000e0b80000)
  to   space 22528K, 0% used [0x00000000e4780000,0x00000000e4780000,0x00000000e5d80000)
 ParOldGen       total 119296K, used 39690K [0x0000000080000000, 0x0000000087480000, 0x00000000d5580000)
  object space 119296K, 33% used [0x0000000080000000,0x00000000826c2890,0x0000000087480000)
 Metaspace       used 61338K, capacity 64319K, committed 64680K, reserved 1105920K
  class space    used 8420K, capacity 9019K, committed 9136K, reserved 1048576K
Event: 11.595 GC heap after
Heap after GC invocations=15 (full 3):
 PSYoungGen      total 226304K, used 15872K [0x00000000d5580000, 0x00000000e5780000, 0x0000000100000000)
  eden space 209920K, 0% used [0x00000000d5580000,0x00000000d5580000,0x00000000e2280000)
  from space 16384K, 96% used [0x00000000e4780000,0x00000000e5700208,0x00000000e5780000)
  to   space 23552K, 0% used [0x00000000e2980000,0x00000000e2980000,0x00000000e4080000)
 ParOldGen       total 119296K, used 39698K [0x0000000080000000, 0x0000000087480000, 0x00000000d5580000)
  object space 119296K, 33% used [0x0000000080000000,0x00000000826c4890,0x0000000087480000)
 Metaspace       used 61338K, capacity 64319K, committed 64680K, reserved 1105920K
  class space    used 8420K, capacity 9019K, committed 9136K, reserved 1048576K
}
Event: 194.543 GC heap before
{Heap before GC invocations=16 (full 3):
 PSYoungGen      total 226304K, used 225792K [0x00000000d5580000, 0x00000000e5780000, 0x0000000100000000)
  eden space 209920K, 100% used [0x00000000d5580000,0x00000000e2280000,0x00000000e2280000)
  from space 16384K, 96% used [0x00000000e4780000,0x00000000e5700208,0x00000000e5780000)
  to   space 23552K, 0% used [0x00000000e2980000,0x00000000e2980000,0x00000000e4080000)
 ParOldGen       total 119296K, used 39698K [0x0000000080000000, 0x0000000087480000, 0x00000000d5580000)
  object space 119296K, 33% used [0x0000000080000000,0x00000000826c4890,0x0000000087480000)
 Metaspace       used 68868K, capacity 72517K, committed 72744K, reserved 1112064K
  class space    used 9273K, capacity 9959K, committed 10032K, reserved 1048576K
Event: 194.578 GC heap after
Heap after GC invocations=16 (full 3):
 PSYoungGen      total 233472K, used 23529K [0x00000000d5580000, 0x00000000e5780000, 0x0000000100000000)
  eden space 209920K, 0% used [0x00000000d5580000,0x00000000d5580000,0x00000000e2280000)
  from space 23552K, 99% used [0x00000000e2980000,0x00000000e407a420,0x00000000e4080000)
  to   space 16384K, 0% used [0x00000000e4780000,0x00000000e4780000,0x00000000e5780000)
 ParOldGen       total 119296K, used 42632K [0x0000000080000000, 0x0000000087480000, 0x00000000d5580000)
  object space 119296K, 35% used [0x0000000080000000,0x00000000829a2098,0x0000000087480000)
 Metaspace       used 68868K, capacity 72517K, committed 72744K, reserved 1112064K
  class space    used 9273K, capacity 9959K, committed 10032K, reserved 1048576K
}

