# JRE version: OpenJDK Runtime Environment (8.0_242-b01) (build 1.8.0_242-release-1644-b01)
# Java VM: OpenJDK 64-Bit Server VM (25.242-b01 mixed mode windows-amd64 compressed oops)
Heap:
 PSYoungGen      total 382464K, used 57358K [0x00000000d5580000, 0x00000000eec80000, 0x0000000100000000)
  eden space 357376K, 9% used [0x00000000d5580000,0x00000000d7504b70,0x00000000eb280000)
  from space 25088K, 99% used [0x00000000ecf00000,0x00000000ee77f000,0x00000000ee780000)
  to   space 29184K, 0% used [0x00000000eb280000,0x00000000eb280000,0x00000000ecf00000)
 ParOldGen       total 113664K, used 44797K [0x0000000080000000, 0x0000000086f00000, 0x00000000d5580000)
  object space 113664K, 39% used [0x0000000080000000,0x0000000082bbf7a8,0x0000000086f00000)
 Metaspace       used 77355K, capacity 82200K, committed 82472K, reserved 1120256K
  class space    used 10278K, capacity 11188K, committed 11312K, reserved 1048576K
GC Heap History (10 events):
Event: 13.201 GC heap before
{Heap before GC invocations=17 (full 3):
 PSYoungGen      total 234496K, used 232930K [0x00000000d5580000, 0x00000000e9680000, 0x0000000100000000)
  eden space 211968K, 100% used [0x00000000d5580000,0x00000000e2480000,0x00000000e2480000)
  from space 22528K, 93% used [0x00000000e2480000,0x00000000e38f89f0,0x00000000e3a80000)
  to   space 25600K, 0% used [0x00000000e7d80000,0x00000000e7d80000,0x00000000e9680000)
 ParOldGen       total 113664K, used 32271K [0x0000000080000000, 0x0000000086f00000, 0x00000000d5580000)
  object space 113664K, 28% used [0x0000000080000000,0x0000000081f83c78,0x0000000086f00000)
 Metaspace       used 62298K, capacity 65748K, committed 65832K, reserved 1105920K
  class space    used 8581K, capacity 9211K, committed 9264K, reserved 1048576K
Event: 13.218 GC heap after
Heap after GC invocations=17 (full 3):
 PSYoungGen      total 290816K, used 2475K [0x00000000d5580000, 0x00000000e9080000, 0x0000000100000000)
  eden space 271360K, 0% used [0x00000000d5580000,0x00000000d5580000,0x00000000e5e80000)
  from space 19456K, 12% used [0x00000000e7d80000,0x00000000e7feade8,0x00000000e9080000)
  to   space 25600K, 0% used [0x00000000e5e80000,0x00000000e5e80000,0x00000000e7780000)
 ParOldGen       total 113664K, used 43840K [0x0000000080000000, 0x0000000086f00000, 0x00000000d5580000)
  object space 113664K, 38% used [0x0000000080000000,0x0000000082ad0298,0x0000000086f00000)
 Metaspace       used 62298K, capacity 65748K, committed 65832K, reserved 1105920K
  class space    used 8581K, capacity 9211K, committed 9264K, reserved 1048576K
}
Event: 21.457 GC heap before
{Heap before GC invocations=18 (full 3):
 PSYoungGen      total 290816K, used 273835K [0x00000000d5580000, 0x00000000e9080000, 0x0000000100000000)
  eden space 271360K, 100% used [0x00000000d5580000,0x00000000e5e80000,0x00000000e5e80000)
  from space 19456K, 12% used [0x00000000e7d80000,0x00000000e7feade8,0x00000000e9080000)
  to   space 25600K, 0% used [0x00000000e5e80000,0x00000000e5e80000,0x00000000e7780000)
 ParOldGen       total 113664K, used 43840K [0x0000000080000000, 0x0000000086f00000, 0x00000000d5580000)
  object space 113664K, 38% used [0x0000000080000000,0x0000000082ad0298,0x0000000086f00000)
 Metaspace       used 64766K, capacity 68562K, committed 68648K, reserved 1107968K
  class space    used 8826K, capacity 9516K, committed 9520K, reserved 1048576K
Event: 21.470 GC heap after
Heap after GC invocations=18 (full 3):
 PSYoungGen      total 296960K, used 9643K [0x00000000d5580000, 0x00000000ecc80000, 0x0000000100000000)
  eden space 271360K, 0% used [0x00000000d5580000,0x00000000d5580000,0x00000000e5e80000)
  from space 25600K, 37% used [0x00000000e5e80000,0x00000000e67eadd8,0x00000000e7780000)
  to   space 24064K, 0% used [0x00000000eb500000,0x00000000eb500000,0x00000000ecc80000)
 ParOldGen       total 113664K, used 43848K [0x0000000080000000, 0x0000000086f00000, 0x00000000d5580000)
  object space 113664K, 38% used [0x0000000080000000,0x0000000082ad2298,0x0000000086f00000)
 Metaspace       used 64766K, capacity 68562K, committed 68648K, reserved 1107968K
  class space    used 8826K, capacity 9516K, committed 9520K, reserved 1048576K
}
Event: 51.616 GC heap before
{Heap before GC invocations=19 (full 3):
 PSYoungGen      total 296960K, used 281003K [0x00000000d5580000, 0x00000000ecc80000, 0x0000000100000000)
  eden space 271360K, 100% used [0x00000000d5580000,0x00000000e5e80000,0x00000000e5e80000)
  from space 25600K, 37% used [0x00000000e5e80000,0x00000000e67eadd8,0x00000000e7780000)
  to   space 24064K, 0% used [0x00000000eb500000,0x00000000eb500000,0x00000000ecc80000)
 ParOldGen       total 113664K, used 43848K [0x0000000080000000, 0x0000000086f00000, 0x00000000d5580000)
  object space 113664K, 38% used [0x0000000080000000,0x0000000082ad2298,0x0000000086f00000)
 Metaspace       used 69142K, capacity 73186K, committed 73512K, reserved 1112064K
  class space    used 9160K, capacity 9916K, committed 10032K, reserved 1048576K
Event: 51.629 GC heap after
Heap after GC invocations=19 (full 3):
 PSYoungGen      total 337408K, used 10758K [0x00000000d5580000, 0x00000000ec080000, 0x0000000100000000)
  eden space 325632K, 0% used [0x00000000d5580000,0x00000000d5580000,0x00000000e9380000)
  from space 11776K, 91% used [0x00000000eb500000,0x00000000ebf81b70,0x00000000ec080000)
  to   space 23040K, 0% used [0x00000000e9380000,0x00000000e9380000,0x00000000eaa00000)
 ParOldGen       total 113664K, used 43856K [0x0000000080000000, 0x0000000086f00000, 0x00000000d5580000)
  object space 113664K, 38% used [0x0000000080000000,0x0000000082ad4298,0x0000000086f00000)
 Metaspace       used 69142K, capacity 73186K, committed 73512K, reserved 1112064K
  class space    used 9160K, capacity 9916K, committed 10032K, reserved 1048576K
}
Event: 128.957 GC heap before
{Heap before GC invocations=20 (full 3):
 PSYoungGen      total 337408K, used 336390K [0x00000000d5580000, 0x00000000ec080000, 0x0000000100000000)
  eden space 325632K, 100% used [0x00000000d5580000,0x00000000e9380000,0x00000000e9380000)
  from space 11776K, 91% used [0x00000000eb500000,0x00000000ebf81b70,0x00000000ec080000)
  to   space 23040K, 0% used [0x00000000e9380000,0x00000000e9380000,0x00000000eaa00000)
 ParOldGen       total 113664K, used 43856K [0x0000000080000000, 0x0000000086f00000, 0x00000000d5580000)
  object space 113664K, 38% used [0x0000000080000000,0x0000000082ad4298,0x0000000086f00000)
 Metaspace       used 70070K, capacity 74326K, committed 74536K, reserved 1114112K
  class space    used 9226K, capacity 9998K, committed 10032K, reserved 1048576K
Event: 129.010 GC heap after
Heap after GC invocations=20 (full 3):
 PSYoungGen      total 348672K, used 18012K [0x00000000d5580000, 0x00000000ee780000, 0x0000000100000000)
  eden space 325632K, 0% used [0x00000000d5580000,0x00000000d5580000,0x00000000e9380000)
  from space 23040K, 78% used [0x00000000e9380000,0x00000000ea517060,0x00000000eaa00000)
  to   space 25088K, 0% used [0x00000000ecf00000,0x00000000ecf00000,0x00000000ee780000)
 ParOldGen       total 113664K, used 43864K [0x0000000080000000, 0x0000000086f00000, 0x00000000d5580000)
  object space 113664K, 38% used [0x0000000080000000,0x0000000082ad6298,0x0000000086f00000)
 Metaspace       used 70070K, capacity 74326K, committed 74536K, reserved 1114112K
  class space    used 9226K, capacity 9998K, committed 10032K, reserved 1048576K
}
Event: 150.791 GC heap before
{Heap before GC invocations=21 (full 3):
 PSYoungGen      total 348672K, used 343644K [0x00000000d5580000, 0x00000000ee780000, 0x0000000100000000)
  eden space 325632K, 100% used [0x00000000d5580000,0x00000000e9380000,0x00000000e9380000)
  from space 23040K, 78% used [0x00000000e9380000,0x00000000ea517060,0x00000000eaa00000)
  to   space 25088K, 0% used [0x00000000ecf00000,0x00000000ecf00000,0x00000000ee780000)
 ParOldGen       total 113664K, used 43864K [0x0000000080000000, 0x0000000086f00000, 0x00000000d5580000)
  object space 113664K, 38% used [0x0000000080000000,0x0000000082ad6298,0x0000000086f00000)
 Metaspace       used 77225K, capacity 82028K, committed 82088K, reserved 1120256K
  class space    used 10263K, capacity 11154K, committed 11184K, reserved 1048576K
Event: 150.973 GC heap after
Heap after GC invocations=21 (full 3):
 PSYoungGen      total 382464K, used 25084K [0x00000000d5580000, 0x00000000eec80000, 0x0000000100000000)
  eden space 357376K, 0% used [0x00000000d5580000,0x00000000d5580000,0x00000000eb280000)
  from space 25088K, 99% used [0x00000000ecf00000,0x00000000ee77f000,0x00000000ee780000)
  to   space 29184K, 0% used [0x00000000eb280000,0x00000000eb280000,0x00000000ecf00000)
 ParOldGen       total 113664K, used 44797K [0x0000000080000000, 0x0000000086f00000, 0x00000000d5580000)
  object space 113664K, 39% used [0x0000000080000000,0x0000000082bbf7a8,0x0000000086f00000)
 Metaspace       used 77225K, capacity 82028K, committed 82088K, reserved 1120256K
  class space    used 10263K, capacity 11154K, committed 11184K, reserved 1048576K
}

