# JRE version: OpenJDK Runtime Environment (8.0_242-b01) (build 1.8.0_242-release-1644-b01)
# Java VM: OpenJDK 64-Bit Server VM (25.242-b01 mixed mode windows-amd64 compressed oops)
Heap:
 PSYoungGen      total 135168K, used 51700K [0x00000000d5580000, 0x00000000de700000, 0x0000000100000000)
  eden space 123904K, 41% used [0x00000000d5580000,0x00000000d87fd068,0x00000000dce80000)
  from space 11264K, 0% used [0x00000000dd100000,0x00000000dd100000,0x00000000ddc00000)
  to   space 8192K, 0% used [0x00000000ddf00000,0x00000000ddf00000,0x00000000de700000)
 ParOldGen       total 70144K, used 18599K [0x0000000080000000, 0x0000000084480000, 0x00000000d5580000)
  object space 70144K, 26% used [0x0000000080000000,0x0000000081229c20,0x0000000084480000)
 Metaspace       used 36317K, capacity 37538K, committed 37672K, reserved 1081344K
  class space    used 5005K, capacity 5324K, committed 5416K, reserved 1048576K
GC Heap History (10 events):
Event: 10.879 GC heap before
{Heap before GC invocations=7 (full 0):
 PSYoungGen      total 75264K, used 11572K [0x00000000d5580000, 0x00000000daa80000, 0x0000000100000000)
  eden space 65024K, 4% used [0x00000000d5580000,0x00000000d58ac450,0x00000000d9500000)
  from space 10240K, 81% used [0x00000000d9f80000,0x00000000da7a0ed0,0x00000000da980000)
  to   space 10752K, 0% used [0x00000000d9500000,0x00000000d9500000,0x00000000d9f80000)
 ParOldGen       total 86016K, used 7239K [0x0000000080000000, 0x0000000085400000, 0x00000000d5580000)
  object space 86016K, 8% used [0x0000000080000000,0x0000000080711ef8,0x0000000085400000)
 Metaspace       used 20563K, capacity 21220K, committed 21296K, reserved 1067008K
  class space    used 2880K, capacity 3096K, committed 3120K, reserved 1048576K
Event: 10.885 GC heap after
Heap after GC invocations=7 (full 0):
 PSYoungGen      total 75776K, used 4513K [0x00000000d5580000, 0x00000000de980000, 0x0000000100000000)
  eden space 65024K, 0% used [0x00000000d5580000,0x00000000d5580000,0x00000000d9500000)
  from space 10752K, 41% used [0x00000000d9500000,0x00000000d99684c0,0x00000000d9f80000)
  to   space 10752K, 0% used [0x00000000ddf00000,0x00000000ddf00000,0x00000000de980000)
 ParOldGen       total 86016K, used 9591K [0x0000000080000000, 0x0000000085400000, 0x00000000d5580000)
  object space 86016K, 11% used [0x0000000080000000,0x000000008095df48,0x0000000085400000)
 Metaspace       used 20563K, capacity 21220K, committed 21296K, reserved 1067008K
  class space    used 2880K, capacity 3096K, committed 3120K, reserved 1048576K
}
Event: 10.885 GC heap before
{Heap before GC invocations=8 (full 1):
 PSYoungGen      total 75776K, used 4513K [0x00000000d5580000, 0x00000000de980000, 0x0000000100000000)
  eden space 65024K, 0% used [0x00000000d5580000,0x00000000d5580000,0x00000000d9500000)
  from space 10752K, 41% used [0x00000000d9500000,0x00000000d99684c0,0x00000000d9f80000)
  to   space 10752K, 0% used [0x00000000ddf00000,0x00000000ddf00000,0x00000000de980000)
 ParOldGen       total 86016K, used 9591K [0x0000000080000000, 0x0000000085400000, 0x00000000d5580000)
  object space 86016K, 11% used [0x0000000080000000,0x000000008095df48,0x0000000085400000)
 Metaspace       used 20563K, capacity 21220K, committed 21296K, reserved 1067008K
  class space    used 2880K, capacity 3096K, committed 3120K, reserved 1048576K
Event: 10.926 GC heap after
Heap after GC invocations=8 (full 1):
 PSYoungGen      total 75776K, used 0K [0x00000000d5580000, 0x00000000de980000, 0x0000000100000000)
  eden space 65024K, 0% used [0x00000000d5580000,0x00000000d5580000,0x00000000d9500000)
  from space 10752K, 0% used [0x00000000d9500000,0x00000000d9500000,0x00000000d9f80000)
  to   space 10752K, 0% used [0x00000000ddf00000,0x00000000ddf00000,0x00000000de980000)
 ParOldGen       total 49664K, used 9596K [0x0000000080000000, 0x0000000083080000, 0x00000000d5580000)
  object space 49664K, 19% used [0x0000000080000000,0x000000008095f370,0x0000000083080000)
 Metaspace       used 20563K, capacity 21220K, committed 21296K, reserved 1067008K
  class space    used 2880K, capacity 3096K, committed 3120K, reserved 1048576K
}
Event: 11.793 GC heap before
{Heap before GC invocations=9 (full 1):
 PSYoungGen      total 75776K, used 65024K [0x00000000d5580000, 0x00000000de980000, 0x0000000100000000)
  eden space 65024K, 100% used [0x00000000d5580000,0x00000000d9500000,0x00000000d9500000)
  from space 10752K, 0% used [0x00000000d9500000,0x00000000d9500000,0x00000000d9f80000)
  to   space 10752K, 0% used [0x00000000ddf00000,0x00000000ddf00000,0x00000000de980000)
 ParOldGen       total 49664K, used 9596K [0x0000000080000000, 0x0000000083080000, 0x00000000d5580000)
  object space 49664K, 19% used [0x0000000080000000,0x000000008095f370,0x0000000083080000)
 Metaspace       used 28092K, capacity 28806K, committed 28976K, reserved 1075200K
  class space    used 3874K, capacity 4106K, committed 4144K, reserved 1048576K
Event: 11.803 GC heap after
Heap after GC invocations=9 (full 1):
 PSYoungGen      total 132096K, used 8019K [0x00000000d5580000, 0x00000000de700000, 0x0000000100000000)
  eden space 123904K, 0% used [0x00000000d5580000,0x00000000d5580000,0x00000000dce80000)
  from space 8192K, 97% used [0x00000000ddf00000,0x00000000de6d4eb0,0x00000000de700000)
  to   space 11264K, 0% used [0x00000000dd100000,0x00000000dd100000,0x00000000ddc00000)
 ParOldGen       total 49664K, used 9604K [0x0000000080000000, 0x0000000083080000, 0x00000000d5580000)
  object space 49664K, 19% used [0x0000000080000000,0x0000000080961370,0x0000000083080000)
 Metaspace       used 28092K, capacity 28806K, committed 28976K, reserved 1075200K
  class space    used 3874K, capacity 4106K, committed 4144K, reserved 1048576K
}
Event: 18.977 GC heap before
{Heap before GC invocations=10 (full 1):
 PSYoungGen      total 132096K, used 117437K [0x00000000d5580000, 0x00000000de700000, 0x0000000100000000)
  eden space 123904K, 88% used [0x00000000d5580000,0x00000000dc05a920,0x00000000dce80000)
  from space 8192K, 97% used [0x00000000ddf00000,0x00000000de6d4eb0,0x00000000de700000)
  to   space 11264K, 0% used [0x00000000dd100000,0x00000000dd100000,0x00000000ddc00000)
 ParOldGen       total 49664K, used 9604K [0x0000000080000000, 0x0000000083080000, 0x00000000d5580000)
  object space 49664K, 19% used [0x0000000080000000,0x0000000080961370,0x0000000083080000)
 Metaspace       used 34450K, capacity 35372K, committed 35496K, reserved 1079296K
  class space    used 4670K, capacity 4942K, committed 5032K, reserved 1048576K
Event: 18.992 GC heap after
Heap after GC invocations=10 (full 1):
 PSYoungGen      total 135168K, used 11242K [0x00000000d5580000, 0x00000000de700000, 0x0000000100000000)
  eden space 123904K, 0% used [0x00000000d5580000,0x00000000d5580000,0x00000000dce80000)
  from space 11264K, 99% used [0x00000000dd100000,0x00000000ddbfabc8,0x00000000ddc00000)
  to   space 8192K, 0% used [0x00000000ddf00000,0x00000000ddf00000,0x00000000de700000)
 ParOldGen       total 49664K, used 10731K [0x0000000080000000, 0x0000000083080000, 0x00000000d5580000)
  object space 49664K, 21% used [0x0000000080000000,0x0000000080a7acd8,0x0000000083080000)
 Metaspace       used 34450K, capacity 35372K, committed 35496K, reserved 1079296K
  class space    used 4670K, capacity 4942K, committed 5032K, reserved 1048576K
}
Event: 18.992 GC heap before
{Heap before GC invocations=11 (full 2):
 PSYoungGen      total 135168K, used 11242K [0x00000000d5580000, 0x00000000de700000, 0x0000000100000000)
  eden space 123904K, 0% used [0x00000000d5580000,0x00000000d5580000,0x00000000dce80000)
  from space 11264K, 99% used [0x00000000dd100000,0x00000000ddbfabc8,0x00000000ddc00000)
  to   space 8192K, 0% used [0x00000000ddf00000,0x00000000ddf00000,0x00000000de700000)
 ParOldGen       total 49664K, used 10731K [0x0000000080000000, 0x0000000083080000, 0x00000000d5580000)
  object space 49664K, 21% used [0x0000000080000000,0x0000000080a7acd8,0x0000000083080000)
 Metaspace       used 34450K, capacity 35372K, committed 35496K, reserved 1079296K
  class space    used 4670K, capacity 4942K, committed 5032K, reserved 1048576K
Event: 19.157 GC heap after
Heap after GC invocations=11 (full 2):
 PSYoungGen      total 135168K, used 0K [0x00000000d5580000, 0x00000000de700000, 0x0000000100000000)
  eden space 123904K, 0% used [0x00000000d5580000,0x00000000d5580000,0x00000000dce80000)
  from space 11264K, 0% used [0x00000000dd100000,0x00000000dd100000,0x00000000ddc00000)
  to   space 8192K, 0% used [0x00000000ddf00000,0x00000000ddf00000,0x00000000de700000)
 ParOldGen       total 70144K, used 18599K [0x0000000080000000, 0x0000000084480000, 0x00000000d5580000)
  object space 70144K, 26% used [0x0000000080000000,0x0000000081229c20,0x0000000084480000)
 Metaspace       used 34450K, capacity 35372K, committed 35496K, reserved 1079296K
  class space    used 4670K, capacity 4942K, committed 5032K, reserved 1048576K
}

