# JRE version: OpenJDK Runtime Environment (8.0_242-b01) (build 1.8.0_242-release-1644-b01)
# Java VM: OpenJDK 64-Bit Server VM (25.242-b01 mixed mode windows-amd64 compressed oops)
Heap:
 PSYoungGen      total 190976K, used 26164K [0x00000000d5580000, 0x00000000e2500000, 0x0000000100000000)
  eden space 178176K, 7% used [0x00000000d5580000,0x00000000d62d2f28,0x00000000e0380000)
  from space 12800K, 97% used [0x00000000e1880000,0x00000000e24ba1a8,0x00000000e2500000)
  to   space 14848K, 0% used [0x00000000e0800000,0x00000000e0800000,0x00000000e1680000)
 ParOldGen       total 69632K, used 19719K [0x0000000080000000, 0x0000000084400000, 0x00000000d5580000)
  object space 69632K, 28% used [0x0000000080000000,0x0000000081341cd8,0x0000000084400000)
 Metaspace       used 44297K, capacity 46010K, committed 46120K, reserved 1089536K
  class space    used 6034K, capacity 6414K, committed 6440K, reserved 1048576K
GC Heap History (10 events):
Event: 3.327 GC heap before
{Heap before GC invocations=8 (full 1):
 PSYoungGen      total 75776K, used 4672K [0x00000000d5580000, 0x00000000de980000, 0x0000000100000000)
  eden space 64512K, 0% used [0x00000000d5580000,0x00000000d5580000,0x00000000d9480000)
  from space 11264K, 41% used [0x00000000d9480000,0x00000000d9910030,0x00000000d9f80000)
  to   space 11264K, 0% used [0x00000000dde80000,0x00000000dde80000,0x00000000de980000)
 ParOldGen       total 86016K, used 9609K [0x0000000080000000, 0x0000000085400000, 0x00000000d5580000)
  object space 86016K, 11% used [0x0000000080000000,0x0000000080962608,0x0000000085400000)
 Metaspace       used 20577K, capacity 21222K, committed 21296K, reserved 1067008K
  class space    used 2893K, capacity 3095K, committed 3120K, reserved 1048576K
Event: 3.364 GC heap after
Heap after GC invocations=8 (full 1):
 PSYoungGen      total 75776K, used 0K [0x00000000d5580000, 0x00000000de980000, 0x0000000100000000)
  eden space 64512K, 0% used [0x00000000d5580000,0x00000000d5580000,0x00000000d9480000)
  from space 11264K, 0% used [0x00000000d9480000,0x00000000d9480000,0x00000000d9f80000)
  to   space 11264K, 0% used [0x00000000dde80000,0x00000000dde80000,0x00000000de980000)
 ParOldGen       total 47616K, used 7489K [0x0000000080000000, 0x0000000082e80000, 0x00000000d5580000)
  object space 47616K, 15% used [0x0000000080000000,0x00000000807505c0,0x0000000082e80000)
 Metaspace       used 20577K, capacity 21222K, committed 21296K, reserved 1067008K
  class space    used 2893K, capacity 3095K, committed 3120K, reserved 1048576K
}
Event: 4.171 GC heap before
{Heap before GC invocations=9 (full 1):
 PSYoungGen      total 75776K, used 64512K [0x00000000d5580000, 0x00000000de980000, 0x0000000100000000)
  eden space 64512K, 100% used [0x00000000d5580000,0x00000000d9480000,0x00000000d9480000)
  from space 11264K, 0% used [0x00000000d9480000,0x00000000d9480000,0x00000000d9f80000)
  to   space 11264K, 0% used [0x00000000dde80000,0x00000000dde80000,0x00000000de980000)
 ParOldGen       total 47616K, used 7489K [0x0000000080000000, 0x0000000082e80000, 0x00000000d5580000)
  object space 47616K, 15% used [0x0000000080000000,0x00000000807505c0,0x0000000082e80000)
 Metaspace       used 28034K, capacity 28744K, committed 28976K, reserved 1075200K
  class space    used 3877K, capacity 4105K, committed 4144K, reserved 1048576K
Event: 4.178 GC heap after
Heap after GC invocations=9 (full 1):
 PSYoungGen      total 130560K, used 7885K [0x00000000d5580000, 0x00000000de680000, 0x0000000100000000)
  eden space 122368K, 0% used [0x00000000d5580000,0x00000000d5580000,0x00000000dcd00000)
  from space 8192K, 96% used [0x00000000dde80000,0x00000000de6336e8,0x00000000de680000)
  to   space 11264K, 0% used [0x00000000dd080000,0x00000000dd080000,0x00000000ddb80000)
 ParOldGen       total 47616K, used 7497K [0x0000000080000000, 0x0000000082e80000, 0x00000000d5580000)
  object space 47616K, 15% used [0x0000000080000000,0x00000000807525c0,0x0000000082e80000)
 Metaspace       used 28034K, capacity 28744K, committed 28976K, reserved 1075200K
  class space    used 3877K, capacity 4105K, committed 4144K, reserved 1048576K
}
Event: 5.562 GC heap before
{Heap before GC invocations=10 (full 1):
 PSYoungGen      total 130560K, used 115094K [0x00000000d5580000, 0x00000000de680000, 0x0000000100000000)
  eden space 122368K, 87% used [0x00000000d5580000,0x00000000dbe32178,0x00000000dcd00000)
  from space 8192K, 96% used [0x00000000dde80000,0x00000000de6336e8,0x00000000de680000)
  to   space 11264K, 0% used [0x00000000dd080000,0x00000000dd080000,0x00000000ddb80000)
 ParOldGen       total 47616K, used 7497K [0x0000000080000000, 0x0000000082e80000, 0x00000000d5580000)
  object space 47616K, 15% used [0x0000000080000000,0x00000000807525c0,0x0000000082e80000)
 Metaspace       used 34447K, capacity 35418K, committed 35496K, reserved 1079296K
  class space    used 4696K, capacity 4976K, committed 5032K, reserved 1048576K
Event: 5.574 GC heap after
Heap after GC invocations=10 (full 1):
 PSYoungGen      total 137216K, used 11253K [0x00000000d5580000, 0x00000000e2580000, 0x0000000100000000)
  eden space 125952K, 0% used [0x00000000d5580000,0x00000000d5580000,0x00000000dd080000)
  from space 11264K, 99% used [0x00000000dd080000,0x00000000ddb7d4c8,0x00000000ddb80000)
  to   space 13312K, 0% used [0x00000000e1880000,0x00000000e1880000,0x00000000e2580000)
 ParOldGen       total 47616K, used 8998K [0x0000000080000000, 0x0000000082e80000, 0x00000000d5580000)
  object space 47616K, 18% used [0x0000000080000000,0x00000000808c9ae0,0x0000000082e80000)
 Metaspace       used 34447K, capacity 35418K, committed 35496K, reserved 1079296K
  class space    used 4696K, capacity 4976K, committed 5032K, reserved 1048576K
}
Event: 5.574 GC heap before
{Heap before GC invocations=11 (full 2):
 PSYoungGen      total 137216K, used 11253K [0x00000000d5580000, 0x00000000e2580000, 0x0000000100000000)
  eden space 125952K, 0% used [0x00000000d5580000,0x00000000d5580000,0x00000000dd080000)
  from space 11264K, 99% used [0x00000000dd080000,0x00000000ddb7d4c8,0x00000000ddb80000)
  to   space 13312K, 0% used [0x00000000e1880000,0x00000000e1880000,0x00000000e2580000)
 ParOldGen       total 47616K, used 8998K [0x0000000080000000, 0x0000000082e80000, 0x00000000d5580000)
  object space 47616K, 18% used [0x0000000080000000,0x00000000808c9ae0,0x0000000082e80000)
 Metaspace       used 34447K, capacity 35418K, committed 35496K, reserved 1079296K
  class space    used 4696K, capacity 4976K, committed 5032K, reserved 1048576K
Event: 5.666 GC heap after
Heap after GC invocations=11 (full 2):
 PSYoungGen      total 137216K, used 0K [0x00000000d5580000, 0x00000000e2580000, 0x0000000100000000)
  eden space 125952K, 0% used [0x00000000d5580000,0x00000000d5580000,0x00000000dd080000)
  from space 11264K, 0% used [0x00000000dd080000,0x00000000dd080000,0x00000000ddb80000)
  to   space 13312K, 0% used [0x00000000e1880000,0x00000000e1880000,0x00000000e2580000)
 ParOldGen       total 69632K, used 19711K [0x0000000080000000, 0x0000000084400000, 0x00000000d5580000)
  object space 69632K, 28% used [0x0000000080000000,0x000000008133fcd8,0x0000000084400000)
 Metaspace       used 34447K, capacity 35418K, committed 35496K, reserved 1079296K
  class space    used 4696K, capacity 4976K, committed 5032K, reserved 1048576K
}
Event: 7.804 GC heap before
{Heap before GC invocations=12 (full 2):
 PSYoungGen      total 137216K, used 125952K [0x00000000d5580000, 0x00000000e2580000, 0x0000000100000000)
  eden space 125952K, 100% used [0x00000000d5580000,0x00000000dd080000,0x00000000dd080000)
  from space 11264K, 0% used [0x00000000dd080000,0x00000000dd080000,0x00000000ddb80000)
  to   space 13312K, 0% used [0x00000000e1880000,0x00000000e1880000,0x00000000e2580000)
 ParOldGen       total 69632K, used 19711K [0x0000000080000000, 0x0000000084400000, 0x00000000d5580000)
  object space 69632K, 28% used [0x0000000080000000,0x000000008133fcd8,0x0000000084400000)
 Metaspace       used 43427K, capacity 45068K, committed 45224K, reserved 1087488K
  class space    used 5899K, capacity 6277K, committed 6312K, reserved 1048576K
Event: 7.817 GC heap after
Heap after GC invocations=12 (full 2):
 PSYoungGen      total 190976K, used 12520K [0x00000000d5580000, 0x00000000e2500000, 0x0000000100000000)
  eden space 178176K, 0% used [0x00000000d5580000,0x00000000d5580000,0x00000000e0380000)
  from space 12800K, 97% used [0x00000000e1880000,0x00000000e24ba1a8,0x00000000e2500000)
  to   space 14848K, 0% used [0x00000000e0800000,0x00000000e0800000,0x00000000e1680000)
 ParOldGen       total 69632K, used 19719K [0x0000000080000000, 0x0000000084400000, 0x00000000d5580000)
  object space 69632K, 28% used [0x0000000080000000,0x0000000081341cd8,0x0000000084400000)
 Metaspace       used 43427K, capacity 45068K, committed 45224K, reserved 1087488K
  class space    used 5899K, capacity 6277K, committed 6312K, reserved 1048576K
}

