# JRE version: OpenJDK Runtime Environment (8.0_242-b01) (build 1.8.0_242-release-1644-b01)
# Java VM: OpenJDK 64-Bit Server VM (25.242-b01 mixed mode windows-amd64 compressed oops)
Heap:
 PSYoungGen      total 273408K, used 63315K [0x00000000d5580000, 0x00000000eaa80000, 0x0000000100000000)
  eden space 240128K, 14% used [0x00000000d5580000,0x00000000d773e620,0x00000000e4000000)
  from space 33280K, 86% used [0x00000000e4000000,0x00000000e5c16778,0x00000000e6080000)
  to   space 36352K, 0% used [0x00000000e8700000,0x00000000e8700000,0x00000000eaa80000)
 ParOldGen       total 183296K, used 66476K [0x0000000080000000, 0x000000008b300000, 0x00000000d5580000)
  object space 183296K, 36% used [0x0000000080000000,0x00000000840eb2e8,0x000000008b300000)
 Metaspace       used 105034K, capacity 109356K, committed 109608K, reserved 1144832K
  class space    used 13629K, capacity 14528K, committed 14640K, reserved 1048576K
GC Heap History (10 events):
Event: 33.370 GC heap before
{Heap before GC invocations=25 (full 3):
 PSYoungGen      total 207872K, used 196553K [0x00000000d5580000, 0x00000000e5480000, 0x0000000100000000)
  eden space 182272K, 100% used [0x00000000d5580000,0x00000000e0780000,0x00000000e0780000)
  from space 25600K, 55% used [0x00000000e0780000,0x00000000e1572420,0x00000000e2080000)
  to   space 25088K, 0% used [0x00000000e3c00000,0x00000000e3c00000,0x00000000e5480000)
 ParOldGen       total 121856K, used 63819K [0x0000000080000000, 0x0000000087700000, 0x00000000d5580000)
  object space 121856K, 52% used [0x0000000080000000,0x0000000083e52c88,0x0000000087700000)
 Metaspace       used 85055K, capacity 88714K, committed 88744K, reserved 1126400K
  class space    used 11165K, capacity 11934K, committed 11952K, reserved 1048576K
Event: 33.391 GC heap after
Heap after GC invocations=25 (full 3):
 PSYoungGen      total 233984K, used 20067K [0x00000000d5580000, 0x00000000e5980000, 0x0000000100000000)
  eden space 208896K, 0% used [0x00000000d5580000,0x00000000d5580000,0x00000000e2180000)
  from space 25088K, 79% used [0x00000000e3c00000,0x00000000e4f98cc0,0x00000000e5480000)
  to   space 27136K, 0% used [0x00000000e2180000,0x00000000e2180000,0x00000000e3c00000)
 ParOldGen       total 121856K, used 63827K [0x0000000080000000, 0x0000000087700000, 0x00000000d5580000)
  object space 121856K, 52% used [0x0000000080000000,0x0000000083e54c88,0x0000000087700000)
 Metaspace       used 85055K, capacity 88714K, committed 88744K, reserved 1126400K
  class space    used 11165K, capacity 11934K, committed 11952K, reserved 1048576K
}
Event: 72.595 GC heap before
{Heap before GC invocations=26 (full 3):
 PSYoungGen      total 233984K, used 228963K [0x00000000d5580000, 0x00000000e5980000, 0x0000000100000000)
  eden space 208896K, 100% used [0x00000000d5580000,0x00000000e2180000,0x00000000e2180000)
  from space 25088K, 79% used [0x00000000e3c00000,0x00000000e4f98cc0,0x00000000e5480000)
  to   space 27136K, 0% used [0x00000000e2180000,0x00000000e2180000,0x00000000e3c00000)
 ParOldGen       total 121856K, used 63827K [0x0000000080000000, 0x0000000087700000, 0x00000000d5580000)
  object space 121856K, 52% used [0x0000000080000000,0x0000000083e54c88,0x0000000087700000)
 Metaspace       used 94175K, capacity 98386K, committed 98600K, reserved 1134592K
  class space    used 12285K, capacity 13120K, committed 13232K, reserved 1048576K
Event: 72.702 GC heap after
Heap after GC invocations=26 (full 3):
 PSYoungGen      total 236032K, used 27106K [0x00000000d5580000, 0x00000000e8280000, 0x0000000100000000)
  eden space 208896K, 0% used [0x00000000d5580000,0x00000000d5580000,0x00000000e2180000)
  from space 27136K, 99% used [0x00000000e2180000,0x00000000e3bf8ac8,0x00000000e3c00000)
  to   space 34816K, 0% used [0x00000000e6080000,0x00000000e6080000,0x00000000e8280000)
 ParOldGen       total 121856K, used 74594K [0x0000000080000000, 0x0000000087700000, 0x00000000d5580000)
  object space 121856K, 61% used [0x0000000080000000,0x00000000848d8aa8,0x0000000087700000)
 Metaspace       used 94175K, capacity 98386K, committed 98600K, reserved 1134592K
  class space    used 12285K, capacity 13120K, committed 13232K, reserved 1048576K
}
Event: 72.862 GC heap before
{Heap before GC invocations=27 (full 3):
 PSYoungGen      total 236032K, used 33618K [0x00000000d5580000, 0x00000000e8280000, 0x0000000100000000)
  eden space 208896K, 3% used [0x00000000d5580000,0x00000000d5bdc008,0x00000000e2180000)
  from space 27136K, 99% used [0x00000000e2180000,0x00000000e3bf8ac8,0x00000000e3c00000)
  to   space 34816K, 0% used [0x00000000e6080000,0x00000000e6080000,0x00000000e8280000)
 ParOldGen       total 121856K, used 74594K [0x0000000080000000, 0x0000000087700000, 0x00000000d5580000)
  object space 121856K, 61% used [0x0000000080000000,0x00000000848d8aa8,0x0000000087700000)
 Metaspace       used 94202K, capacity 98402K, committed 98600K, reserved 1134592K
  class space    used 12290K, capacity 13124K, committed 13232K, reserved 1048576K
Event: 72.876 GC heap after
Heap after GC invocations=27 (full 3):
 PSYoungGen      total 274944K, used 14976K [0x00000000d5580000, 0x00000000e8f00000, 0x0000000100000000)
  eden space 240128K, 0% used [0x00000000d5580000,0x00000000d5580000,0x00000000e4000000)
  from space 34816K, 43% used [0x00000000e6080000,0x00000000e6f20330,0x00000000e8280000)
  to   space 33280K, 0% used [0x00000000e4000000,0x00000000e4000000,0x00000000e6080000)
 ParOldGen       total 121856K, used 76474K [0x0000000080000000, 0x0000000087700000, 0x00000000d5580000)
  object space 121856K, 62% used [0x0000000080000000,0x0000000084aaeb18,0x0000000087700000)
 Metaspace       used 94202K, capacity 98402K, committed 98600K, reserved 1134592K
  class space    used 12290K, capacity 13124K, committed 13232K, reserved 1048576K
}
Event: 72.876 GC heap before
{Heap before GC invocations=28 (full 4):
 PSYoungGen      total 274944K, used 14976K [0x00000000d5580000, 0x00000000e8f00000, 0x0000000100000000)
  eden space 240128K, 0% used [0x00000000d5580000,0x00000000d5580000,0x00000000e4000000)
  from space 34816K, 43% used [0x00000000e6080000,0x00000000e6f20330,0x00000000e8280000)
  to   space 33280K, 0% used [0x00000000e4000000,0x00000000e4000000,0x00000000e6080000)
 ParOldGen       total 121856K, used 76474K [0x0000000080000000, 0x0000000087700000, 0x00000000d5580000)
  object space 121856K, 62% used [0x0000000080000000,0x0000000084aaeb18,0x0000000087700000)
 Metaspace       used 94202K, capacity 98402K, committed 98600K, reserved 1134592K
  class space    used 12290K, capacity 13124K, committed 13232K, reserved 1048576K
Event: 73.777 GC heap after
Heap after GC invocations=28 (full 4):
 PSYoungGen      total 274944K, used 0K [0x00000000d5580000, 0x00000000e8f00000, 0x0000000100000000)
  eden space 240128K, 0% used [0x00000000d5580000,0x00000000d5580000,0x00000000e4000000)
  from space 34816K, 0% used [0x00000000e6080000,0x00000000e6080000,0x00000000e8280000)
  to   space 33280K, 0% used [0x00000000e4000000,0x00000000e4000000,0x00000000e6080000)
 ParOldGen       total 183296K, used 66468K [0x0000000080000000, 0x000000008b300000, 0x00000000d5580000)
  object space 183296K, 36% used [0x0000000080000000,0x00000000840e92e8,0x000000008b300000)
 Metaspace       used 93996K, capacity 97772K, committed 98600K, reserved 1134592K
  class space    used 12225K, capacity 13009K, committed 13232K, reserved 1048576K
}
Event: 102.582 GC heap before
{Heap before GC invocations=29 (full 4):
 PSYoungGen      total 274944K, used 240128K [0x00000000d5580000, 0x00000000e8f00000, 0x0000000100000000)
  eden space 240128K, 100% used [0x00000000d5580000,0x00000000e4000000,0x00000000e4000000)
  from space 34816K, 0% used [0x00000000e6080000,0x00000000e6080000,0x00000000e8280000)
  to   space 33280K, 0% used [0x00000000e4000000,0x00000000e4000000,0x00000000e6080000)
 ParOldGen       total 183296K, used 66468K [0x0000000080000000, 0x000000008b300000, 0x00000000d5580000)
  object space 183296K, 36% used [0x0000000080000000,0x00000000840e92e8,0x000000008b300000)
 Metaspace       used 104857K, capacity 109132K, committed 109480K, reserved 1144832K
  class space    used 13614K, capacity 14496K, committed 14512K, reserved 1048576K
Event: 102.653 GC heap after
Heap after GC invocations=29 (full 4):
 PSYoungGen      total 273408K, used 28761K [0x00000000d5580000, 0x00000000eaa80000, 0x0000000100000000)
  eden space 240128K, 0% used [0x00000000d5580000,0x00000000d5580000,0x00000000e4000000)
  from space 33280K, 86% used [0x00000000e4000000,0x00000000e5c16778,0x00000000e6080000)
  to   space 36352K, 0% used [0x00000000e8700000,0x00000000e8700000,0x00000000eaa80000)
 ParOldGen       total 183296K, used 66476K [0x0000000080000000, 0x000000008b300000, 0x00000000d5580000)
  object space 183296K, 36% used [0x0000000080000000,0x00000000840eb2e8,0x000000008b300000)
 Metaspace       used 104857K, capacity 109132K, committed 109480K, reserved 1144832K
  class space    used 13614K, capacity 14496K, committed 14512K, reserved 1048576K
}

