# JRE version: OpenJDK Runtime Environment (8.0_242-b01) (build 1.8.0_242-release-1644-b01)
# Java VM: OpenJDK 64-Bit Server VM (25.242-b01 mixed mode windows-amd64 compressed oops)
Heap:
 PSYoungGen      total 178176K, used 177368K [0x00000000d5580000, 0x00000000e1600000, 0x0000000100000000)
  eden space 164352K, 99% used [0x00000000d5580000,0x00000000df53d470,0x00000000df600000)
  from space 13824K, 99% used [0x00000000e0800000,0x00000000e1578c28,0x00000000e1580000)
  to   space 16384K, 0% used [0x00000000df600000,0x00000000df600000,0x00000000e0600000)
 ParOldGen       total 80896K, used 21042K [0x0000000080000000, 0x0000000084f00000, 0x00000000d5580000)
  object space 80896K, 26% used [0x0000000080000000,0x000000008148cae0,0x0000000084f00000)
 Metaspace       used 56319K, capacity 58394K, committed 58664K, reserved 1099776K
  class space    used 7719K, capacity 8160K, committed 8240K, reserved 1048576K
GC Heap History (10 events):
Event: 3.053 GC heap before
{Heap before GC invocations=8 (full 1):
 PSYoungGen      total 75776K, used 3995K [0x00000000d5580000, 0x00000000de980000, 0x0000000100000000)
  eden space 65024K, 0% used [0x00000000d5580000,0x00000000d5580000,0x00000000d9500000)
  from space 10752K, 37% used [0x00000000d9500000,0x00000000d98e6d88,0x00000000d9f80000)
  to   space 10752K, 0% used [0x00000000ddf00000,0x00000000ddf00000,0x00000000de980000)
 ParOldGen       total 86016K, used 9458K [0x0000000080000000, 0x0000000085400000, 0x00000000d5580000)
  object space 86016K, 10% used [0x0000000080000000,0x000000008093c870,0x0000000085400000)
 Metaspace       used 20684K, capacity 21162K, committed 21296K, reserved 1067008K
  class space    used 2908K, capacity 3087K, committed 3120K, reserved 1048576K
Event: 3.088 GC heap after
Heap after GC invocations=8 (full 1):
 PSYoungGen      total 75776K, used 0K [0x00000000d5580000, 0x00000000de980000, 0x0000000100000000)
  eden space 65024K, 0% used [0x00000000d5580000,0x00000000d5580000,0x00000000d9500000)
  from space 10752K, 0% used [0x00000000d9500000,0x00000000d9500000,0x00000000d9f80000)
  to   space 10752K, 0% used [0x00000000ddf00000,0x00000000ddf00000,0x00000000de980000)
 ParOldGen       total 50176K, used 6835K [0x0000000080000000, 0x0000000083100000, 0x00000000d5580000)
  object space 50176K, 13% used [0x0000000080000000,0x00000000806acce8,0x0000000083100000)
 Metaspace       used 20684K, capacity 21162K, committed 21296K, reserved 1067008K
  class space    used 2908K, capacity 3087K, committed 3120K, reserved 1048576K
}
Event: 3.900 GC heap before
{Heap before GC invocations=9 (full 1):
 PSYoungGen      total 75776K, used 65024K [0x00000000d5580000, 0x00000000de980000, 0x0000000100000000)
  eden space 65024K, 100% used [0x00000000d5580000,0x00000000d9500000,0x00000000d9500000)
  from space 10752K, 0% used [0x00000000d9500000,0x00000000d9500000,0x00000000d9f80000)
  to   space 10752K, 0% used [0x00000000ddf00000,0x00000000ddf00000,0x00000000de980000)
 ParOldGen       total 50176K, used 6835K [0x0000000080000000, 0x0000000083100000, 0x00000000d5580000)
  object space 50176K, 13% used [0x0000000080000000,0x00000000806acce8,0x0000000083100000)
 Metaspace       used 28923K, capacity 29570K, committed 30000K, reserved 1075200K
  class space    used 3871K, capacity 4069K, committed 4144K, reserved 1048576K
Event: 3.910 GC heap after
Heap after GC invocations=9 (full 1):
 PSYoungGen      total 124928K, used 8547K [0x00000000d5580000, 0x00000000de780000, 0x0000000100000000)
  eden space 116224K, 0% used [0x00000000d5580000,0x00000000d5580000,0x00000000dc700000)
  from space 8704K, 98% used [0x00000000ddf00000,0x00000000de758f08,0x00000000de780000)
  to   space 11264K, 0% used [0x00000000dd180000,0x00000000dd180000,0x00000000ddc80000)
 ParOldGen       total 50176K, used 6843K [0x0000000080000000, 0x0000000083100000, 0x00000000d5580000)
  object space 50176K, 13% used [0x0000000080000000,0x00000000806aece8,0x0000000083100000)
 Metaspace       used 28923K, capacity 29570K, committed 30000K, reserved 1075200K
  class space    used 3871K, capacity 4069K, committed 4144K, reserved 1048576K
}
Event: 4.926 GC heap before
{Heap before GC invocations=10 (full 1):
 PSYoungGen      total 124928K, used 123084K [0x00000000d5580000, 0x00000000de780000, 0x0000000100000000)
  eden space 116224K, 98% used [0x00000000d5580000,0x00000000dc55a210,0x00000000dc700000)
  from space 8704K, 98% used [0x00000000ddf00000,0x00000000de758f08,0x00000000de780000)
  to   space 11264K, 0% used [0x00000000dd180000,0x00000000dd180000,0x00000000ddc80000)
 ParOldGen       total 50176K, used 6843K [0x0000000080000000, 0x0000000083100000, 0x00000000d5580000)
  object space 50176K, 13% used [0x0000000080000000,0x00000000806aece8,0x0000000083100000)
 Metaspace       used 34643K, capacity 35388K, committed 35496K, reserved 1079296K
  class space    used 4735K, capacity 4932K, committed 5040K, reserved 1048576K
Event: 4.937 GC heap after
Heap after GC invocations=10 (full 1):
 PSYoungGen      total 138240K, used 11234K [0x00000000d5580000, 0x00000000e1580000, 0x0000000100000000)
  eden space 126976K, 0% used [0x00000000d5580000,0x00000000d5580000,0x00000000dd180000)
  from space 11264K, 99% used [0x00000000dd180000,0x00000000ddc78820,0x00000000ddc80000)
  to   space 13824K, 0% used [0x00000000e0800000,0x00000000e0800000,0x00000000e1580000)
 ParOldGen       total 50176K, used 8675K [0x0000000080000000, 0x0000000083100000, 0x00000000d5580000)
  object space 50176K, 17% used [0x0000000080000000,0x0000000080878d48,0x0000000083100000)
 Metaspace       used 34643K, capacity 35388K, committed 35496K, reserved 1079296K
  class space    used 4735K, capacity 4932K, committed 5040K, reserved 1048576K
}
Event: 4.937 GC heap before
{Heap before GC invocations=11 (full 2):
 PSYoungGen      total 138240K, used 11234K [0x00000000d5580000, 0x00000000e1580000, 0x0000000100000000)
  eden space 126976K, 0% used [0x00000000d5580000,0x00000000d5580000,0x00000000dd180000)
  from space 11264K, 99% used [0x00000000dd180000,0x00000000ddc78820,0x00000000ddc80000)
  to   space 13824K, 0% used [0x00000000e0800000,0x00000000e0800000,0x00000000e1580000)
 ParOldGen       total 50176K, used 8675K [0x0000000080000000, 0x0000000083100000, 0x00000000d5580000)
  object space 50176K, 17% used [0x0000000080000000,0x0000000080878d48,0x0000000083100000)
 Metaspace       used 34643K, capacity 35388K, committed 35496K, reserved 1079296K
  class space    used 4735K, capacity 4932K, committed 5040K, reserved 1048576K
Event: 5.027 GC heap after
Heap after GC invocations=11 (full 2):
 PSYoungGen      total 138240K, used 0K [0x00000000d5580000, 0x00000000e1580000, 0x0000000100000000)
  eden space 126976K, 0% used [0x00000000d5580000,0x00000000d5580000,0x00000000dd180000)
  from space 11264K, 0% used [0x00000000dd180000,0x00000000dd180000,0x00000000ddc80000)
  to   space 13824K, 0% used [0x00000000e0800000,0x00000000e0800000,0x00000000e1580000)
 ParOldGen       total 80896K, used 19128K [0x0000000080000000, 0x0000000084f00000, 0x00000000d5580000)
  object space 80896K, 23% used [0x0000000080000000,0x00000000812ae278,0x0000000084f00000)
 Metaspace       used 34643K, capacity 35388K, committed 35496K, reserved 1079296K
  class space    used 4735K, capacity 4932K, committed 5040K, reserved 1048576K
}
Event: 6.357 GC heap before
{Heap before GC invocations=12 (full 2):
 PSYoungGen      total 138240K, used 126976K [0x00000000d5580000, 0x00000000e1580000, 0x0000000100000000)
  eden space 126976K, 100% used [0x00000000d5580000,0x00000000dd180000,0x00000000dd180000)
  from space 11264K, 0% used [0x00000000dd180000,0x00000000dd180000,0x00000000ddc80000)
  to   space 13824K, 0% used [0x00000000e0800000,0x00000000e0800000,0x00000000e1580000)
 ParOldGen       total 80896K, used 19128K [0x0000000080000000, 0x0000000084f00000, 0x00000000d5580000)
  object space 80896K, 23% used [0x0000000080000000,0x00000000812ae278,0x0000000084f00000)
 Metaspace       used 45101K, capacity 46490K, committed 46760K, reserved 1089536K
  class space    used 6104K, capacity 6450K, committed 6576K, reserved 1048576K
Event: 6.371 GC heap after
Heap after GC invocations=12 (full 2):
 PSYoungGen      total 178176K, used 13795K [0x00000000d5580000, 0x00000000e1600000, 0x0000000100000000)
  eden space 164352K, 0% used [0x00000000d5580000,0x00000000d5580000,0x00000000df600000)
  from space 13824K, 99% used [0x00000000e0800000,0x00000000e1578c28,0x00000000e1580000)
  to   space 16384K, 0% used [0x00000000df600000,0x00000000df600000,0x00000000e0600000)
 ParOldGen       total 80896K, used 21042K [0x0000000080000000, 0x0000000084f00000, 0x00000000d5580000)
  object space 80896K, 26% used [0x0000000080000000,0x000000008148cae0,0x0000000084f00000)
 Metaspace       used 45101K, capacity 46490K, committed 46760K, reserved 1089536K
  class space    used 6104K, capacity 6450K, committed 6576K, reserved 1048576K
}

