# JRE version: OpenJDK Runtime Environment (8.0_242-b01) (build 1.8.0_242-release-1644-b01)
# Java VM: OpenJDK 64-Bit Server VM (25.242-b01 mixed mode windows-amd64 compressed oops)
Heap:
 PSYoungGen      total 178176K, used 166365K [0x00000000d5580000, 0x00000000e1700000, 0x0000000100000000)
  eden space 164352K, 92% used [0x00000000d5580000,0x00000000dea77b88,0x00000000df600000)
  from space 13824K, 99% used [0x00000000e0980000,0x00000000e16ff9a8,0x00000000e1700000)
  to   space 16384K, 0% used [0x00000000df700000,0x00000000df700000,0x00000000e0700000)
 ParOldGen       total 79360K, used 21316K [0x0000000080000000, 0x0000000084d80000, 0x00000000d5580000)
  object space 79360K, 26% used [0x0000000080000000,0x00000000814d1328,0x0000000084d80000)
 Metaspace       used 55316K, capacity 57336K, committed 57512K, reserved 1099776K
  class space    used 7574K, capacity 8025K, committed 8112K, reserved 1048576K
GC Heap History (10 events):
Event: 2.954 GC heap before
{Heap before GC invocations=8 (full 1):
 PSYoungGen      total 75776K, used 4036K [0x00000000d5580000, 0x00000000de880000, 0x0000000100000000)
  eden space 64512K, 0% used [0x00000000d5580000,0x00000000d5580000,0x00000000d9480000)
  from space 11264K, 35% used [0x00000000d9480000,0x00000000d9871050,0x00000000d9f80000)
  to   space 10752K, 0% used [0x00000000dde00000,0x00000000dde00000,0x00000000de880000)
 ParOldGen       total 86016K, used 9457K [0x0000000080000000, 0x0000000085400000, 0x00000000d5580000)
  object space 86016K, 10% used [0x0000000080000000,0x000000008093c5a8,0x0000000085400000)
 Metaspace       used 20679K, capacity 21166K, committed 21296K, reserved 1067008K
  class space    used 2905K, capacity 3087K, committed 3120K, reserved 1048576K
Event: 2.987 GC heap after
Heap after GC invocations=8 (full 1):
 PSYoungGen      total 75776K, used 0K [0x00000000d5580000, 0x00000000de880000, 0x0000000100000000)
  eden space 64512K, 0% used [0x00000000d5580000,0x00000000d5580000,0x00000000d9480000)
  from space 11264K, 0% used [0x00000000d9480000,0x00000000d9480000,0x00000000d9f80000)
  to   space 10752K, 0% used [0x00000000dde00000,0x00000000dde00000,0x00000000de880000)
 ParOldGen       total 49664K, used 6795K [0x0000000080000000, 0x0000000083080000, 0x00000000d5580000)
  object space 49664K, 13% used [0x0000000080000000,0x00000000806a2f08,0x0000000083080000)
 Metaspace       used 20679K, capacity 21166K, committed 21296K, reserved 1067008K
  class space    used 2905K, capacity 3087K, committed 3120K, reserved 1048576K
}
Event: 3.702 GC heap before
{Heap before GC invocations=9 (full 1):
 PSYoungGen      total 75776K, used 64451K [0x00000000d5580000, 0x00000000de880000, 0x0000000100000000)
  eden space 64512K, 99% used [0x00000000d5580000,0x00000000d9470d80,0x00000000d9480000)
  from space 11264K, 0% used [0x00000000d9480000,0x00000000d9480000,0x00000000d9f80000)
  to   space 10752K, 0% used [0x00000000dde00000,0x00000000dde00000,0x00000000de880000)
 ParOldGen       total 49664K, used 6795K [0x0000000080000000, 0x0000000083080000, 0x00000000d5580000)
  object space 49664K, 13% used [0x0000000080000000,0x00000000806a2f08,0x0000000083080000)
 Metaspace       used 28561K, capacity 29126K, committed 29488K, reserved 1075200K
  class space    used 3848K, capacity 4069K, committed 4144K, reserved 1048576K
Event: 3.710 GC heap after
Heap after GC invocations=9 (full 1):
 PSYoungGen      total 124928K, used 8585K [0x00000000d5580000, 0x00000000de680000, 0x0000000100000000)
  eden space 116224K, 0% used [0x00000000d5580000,0x00000000d5580000,0x00000000dc700000)
  from space 8704K, 98% used [0x00000000dde00000,0x00000000de6624a8,0x00000000de680000)
  to   space 11264K, 0% used [0x00000000dd080000,0x00000000dd080000,0x00000000ddb80000)
 ParOldGen       total 49664K, used 6803K [0x0000000080000000, 0x0000000083080000, 0x00000000d5580000)
  object space 49664K, 13% used [0x0000000080000000,0x00000000806a4f08,0x0000000083080000)
 Metaspace       used 28561K, capacity 29126K, committed 29488K, reserved 1075200K
  class space    used 3848K, capacity 4069K, committed 4144K, reserved 1048576K
}
Event: 4.629 GC heap before
{Heap before GC invocations=10 (full 1):
 PSYoungGen      total 124928K, used 124298K [0x00000000d5580000, 0x00000000de680000, 0x0000000100000000)
  eden space 116224K, 99% used [0x00000000d5580000,0x00000000dc6803e8,0x00000000dc700000)
  from space 8704K, 98% used [0x00000000dde00000,0x00000000de6624a8,0x00000000de680000)
  to   space 11264K, 0% used [0x00000000dd080000,0x00000000dd080000,0x00000000ddb80000)
 ParOldGen       total 49664K, used 6803K [0x0000000080000000, 0x0000000083080000, 0x00000000d5580000)
  object space 49664K, 13% used [0x0000000080000000,0x00000000806a4f08,0x0000000083080000)
 Metaspace       used 34610K, capacity 35386K, committed 35496K, reserved 1079296K
  class space    used 4725K, capacity 4931K, committed 5040K, reserved 1048576K
Event: 4.642 GC heap after
Heap after GC invocations=10 (full 1):
 PSYoungGen      total 137216K, used 11241K [0x00000000d5580000, 0x00000000e1700000, 0x0000000100000000)
  eden space 125952K, 0% used [0x00000000d5580000,0x00000000d5580000,0x00000000dd080000)
  from space 11264K, 99% used [0x00000000dd080000,0x00000000ddb7a7f8,0x00000000ddb80000)
  to   space 13824K, 0% used [0x00000000e0980000,0x00000000e0980000,0x00000000e1700000)
 ParOldGen       total 49664K, used 8808K [0x0000000080000000, 0x0000000083080000, 0x00000000d5580000)
  object space 49664K, 17% used [0x0000000080000000,0x000000008089a208,0x0000000083080000)
 Metaspace       used 34610K, capacity 35386K, committed 35496K, reserved 1079296K
  class space    used 4725K, capacity 4931K, committed 5040K, reserved 1048576K
}
Event: 4.642 GC heap before
{Heap before GC invocations=11 (full 2):
 PSYoungGen      total 137216K, used 11241K [0x00000000d5580000, 0x00000000e1700000, 0x0000000100000000)
  eden space 125952K, 0% used [0x00000000d5580000,0x00000000d5580000,0x00000000dd080000)
  from space 11264K, 99% used [0x00000000dd080000,0x00000000ddb7a7f8,0x00000000ddb80000)
  to   space 13824K, 0% used [0x00000000e0980000,0x00000000e0980000,0x00000000e1700000)
 ParOldGen       total 49664K, used 8808K [0x0000000080000000, 0x0000000083080000, 0x00000000d5580000)
  object space 49664K, 17% used [0x0000000080000000,0x000000008089a208,0x0000000083080000)
 Metaspace       used 34610K, capacity 35386K, committed 35496K, reserved 1079296K
  class space    used 4725K, capacity 4931K, committed 5040K, reserved 1048576K
Event: 4.727 GC heap after
Heap after GC invocations=11 (full 2):
 PSYoungGen      total 137216K, used 0K [0x00000000d5580000, 0x00000000e1700000, 0x0000000100000000)
  eden space 125952K, 0% used [0x00000000d5580000,0x00000000d5580000,0x00000000dd080000)
  from space 11264K, 0% used [0x00000000dd080000,0x00000000dd080000,0x00000000ddb80000)
  to   space 13824K, 0% used [0x00000000e0980000,0x00000000e0980000,0x00000000e1700000)
 ParOldGen       total 79360K, used 19273K [0x0000000080000000, 0x0000000084d80000, 0x00000000d5580000)
  object space 79360K, 24% used [0x0000000080000000,0x00000000812d27f0,0x0000000084d80000)
 Metaspace       used 34610K, capacity 35386K, committed 35496K, reserved 1079296K
  class space    used 4725K, capacity 4931K, committed 5040K, reserved 1048576K
}
Event: 6.038 GC heap before
{Heap before GC invocations=12 (full 2):
 PSYoungGen      total 137216K, used 125952K [0x00000000d5580000, 0x00000000e1700000, 0x0000000100000000)
  eden space 125952K, 100% used [0x00000000d5580000,0x00000000dd080000,0x00000000dd080000)
  from space 11264K, 0% used [0x00000000dd080000,0x00000000dd080000,0x00000000ddb80000)
  to   space 13824K, 0% used [0x00000000e0980000,0x00000000e0980000,0x00000000e1700000)
 ParOldGen       total 79360K, used 19273K [0x0000000080000000, 0x0000000084d80000, 0x00000000d5580000)
  object space 79360K, 24% used [0x0000000080000000,0x00000000812d27f0,0x0000000084d80000)
 Metaspace       used 45190K, capacity 46576K, committed 46632K, reserved 1089536K
  class space    used 6108K, capacity 6443K, committed 6448K, reserved 1048576K
Event: 6.051 GC heap after
Heap after GC invocations=12 (full 2):
 PSYoungGen      total 178176K, used 13822K [0x00000000d5580000, 0x00000000e1700000, 0x0000000100000000)
  eden space 164352K, 0% used [0x00000000d5580000,0x00000000d5580000,0x00000000df600000)
  from space 13824K, 99% used [0x00000000e0980000,0x00000000e16ff9a8,0x00000000e1700000)
  to   space 16384K, 0% used [0x00000000df700000,0x00000000df700000,0x00000000e0700000)
 ParOldGen       total 79360K, used 21316K [0x0000000080000000, 0x0000000084d80000, 0x00000000d5580000)
  object space 79360K, 26% used [0x0000000080000000,0x00000000814d1328,0x0000000084d80000)
 Metaspace       used 45190K, capacity 46576K, committed 46632K, reserved 1089536K
  class space    used 6108K, capacity 6443K, committed 6448K, reserved 1048576K
}

